[UID:1539][3334180] Child process with pid: 3334201 was killed by signal: 15, core dumped: no
[UID:1539][3334180] Child process with pid: 3334198 was killed by signal: 15, core dumped: no
[UID:1539][3334180] Child process with pid: 3334199 was killed by signal: 15, core dumped: no
[UID:1539][3334180] Child process with pid: 3334197 was killed by signal: 15, core dumped: no
[UID:1539][3334180] Child process with pid: 3334200 was killed by signal: 15, core dumped: no
Internal Server Error: /products/
Traceback (most recent call last):
  File "/home/mykamani/virtualenv/Kaman/3.10/lib/python3.10/site-packages/django/core/handlers/exception.py", line 55, in inner
    response = get_response(request)
  File "/home/mykamani/virtualenv/Kaman/3.10/lib/python3.10/site-packages/django/core/handlers/base.py", line 197, in _get_response
    response = wrapped_callback(request, *callback_args, **callback_kwargs)
  File "/home/mykamani/Kaman/main/views.py", line 74, in products
    return render(request, "products.html", {"active": "products"})
  File "/home/mykamani/virtualenv/Kaman/3.10/lib/python3.10/site-packages/django/shortcuts.py", line 25, in render
    content = loader.render_to_string(template_name, context, request, using=using)
  File "/home/mykamani/virtualenv/Kaman/3.10/lib/python3.10/site-packages/django/template/loader.py", line 61, in render_to_string
    template = get_template(template_name, using=using)
  File "/home/mykamani/virtualenv/Kaman/3.10/lib/python3.10/site-packages/django/template/loader.py", line 19, in get_template
    raise TemplateDoesNotExist(template_name, chain=chain)
django.template.exceptions.TemplateDoesNotExist: products.html
Internal Server Error: /demo/
Traceback (most recent call last):
  File "/home/mykamani/virtualenv/Kaman/3.10/lib/python3.10/site-packages/django/core/handlers/exception.py", line 55, in inner
    response = get_response(request)
  File "/home/mykamani/virtualenv/Kaman/3.10/lib/python3.10/site-packages/django/core/handlers/base.py", line 197, in _get_response
    response = wrapped_callback(request, *callback_args, **callback_kwargs)
  File "/home/mykamani/Kaman/main/views.py", line 77, in demo
    return render(request, "demo.html", {"active": "demo"})
  File "/home/mykamani/virtualenv/Kaman/3.10/lib/python3.10/site-packages/django/shortcuts.py", line 25, in render
    content = loader.render_to_string(template_name, context, request, using=using)
  File "/home/mykamani/virtualenv/Kaman/3.10/lib/python3.10/site-packages/django/template/loader.py", line 61, in render_to_string
    template = get_template(template_name, using=using)
  File "/home/mykamani/virtualenv/Kaman/3.10/lib/python3.10/site-packages/django/template/loader.py", line 19, in get_template
    raise TemplateDoesNotExist(template_name, chain=chain)
django.template.exceptions.TemplateDoesNotExist: demo.html
[UID:1539][1138250] Child process with pid: 1139216 was killed by signal: 15, core dumped: no
